#! /c/Source/iverilog-install/bin/vvp
:ivl_version "12.0 (devel)" "(s20150603-1539-g2693dd32b)";
:ivl_delay_selection "TYPICAL";
:vpi_time_precision - 12;
:vpi_module "C:\iverilog\lib\ivl\system.vpi";
:vpi_module "C:\iverilog\lib\ivl\vhdl_sys.vpi";
:vpi_module "C:\iverilog\lib\ivl\vhdl_textio.vpi";
:vpi_module "C:\iverilog\lib\ivl\v2005_math.vpi";
:vpi_module "C:\iverilog\lib\ivl\va_math.vpi";
S_00000256f40b3ce0 .scope module, "testbench_restador_4bit" "testbench_restador_4bit" 2 4;
 .timescale -9 -12;
v00000256f4117b30_0 .var "A_tb", 3 0;
v00000256f4117f90_0 .var "B_tb", 3 0;
v00000256f4118030_0 .net "Co", 0 0, L_00000256f411b140;  1 drivers
v00000256f4118b70_0 .var "Sel", 0 0;
v00000256f4118e90_0 .net "salida", 3 0, L_00000256f411a380;  1 drivers
S_00000256f40bb2a0 .scope begin, "TEST_CASE" "TEST_CASE" 2 34, 2 34 0, S_00000256f40b3ce0;
 .timescale -9 -12;
S_00000256f40bb430 .scope module, "uut" "restador_4bit" 2 13, 3 3 0, S_00000256f40b3ce0;
 .timescale 0 0;
    .port_info 0 /INPUT 4 "A";
    .port_info 1 /INPUT 4 "B";
    .port_info 2 /INPUT 1 "Sel";
    .port_info 3 /OUTPUT 4 "salida";
    .port_info 4 /OUTPUT 1 "Co";
L_00000256f40bf1d0 .functor XOR 1, L_00000256f4118d50, v00000256f4118b70_0, C4<0>, C4<0>;
L_00000256f40bf2b0 .functor XOR 1, L_00000256f4118df0, v00000256f4118b70_0, C4<0>, C4<0>;
L_00000256f40bf320 .functor XOR 1, L_00000256f4118170, v00000256f4118b70_0, C4<0>, C4<0>;
L_00000256f41199d0 .functor XOR 1, L_00000256f4118490, v00000256f4118b70_0, C4<0>, C4<0>;
v00000256f4117770_0 .net "A", 3 0, v00000256f4117b30_0;  1 drivers
v00000256f4117ef0_0 .net "B", 3 0, v00000256f4117f90_0;  1 drivers
v00000256f4118990_0 .net "Co", 0 0, L_00000256f411b140;  alias, 1 drivers
v00000256f4118850_0 .net "Sel", 0 0, v00000256f4118b70_0;  1 drivers
v00000256f4118c10_0 .net *"_ivl_1", 0 0, L_00000256f4118d50;  1 drivers
v00000256f4117db0_0 .net *"_ivl_13", 0 0, L_00000256f4118490;  1 drivers
v00000256f4117d10_0 .net *"_ivl_5", 0 0, L_00000256f4118df0;  1 drivers
v00000256f4118cb0_0 .net *"_ivl_9", 0 0, L_00000256f4118170;  1 drivers
v00000256f4117a90_0 .net "b0", 0 0, L_00000256f40bf1d0;  1 drivers
v00000256f4118a30_0 .net "b1", 0 0, L_00000256f40bf2b0;  1 drivers
v00000256f4118ad0_0 .net "b2", 0 0, L_00000256f40bf320;  1 drivers
v00000256f4118fd0_0 .net "b3", 0 0, L_00000256f41199d0;  1 drivers
v00000256f41174f0_0 .net "salida", 3 0, L_00000256f411a380;  alias, 1 drivers
L_00000256f4118d50 .part v00000256f4117f90_0, 0, 1;
L_00000256f4118df0 .part v00000256f4117f90_0, 1, 1;
L_00000256f4118170 .part v00000256f4117f90_0, 2, 1;
L_00000256f4118490 .part v00000256f4117f90_0, 3, 1;
L_00000256f411a4c0 .concat [ 1 1 1 1], L_00000256f40bf1d0, L_00000256f40bf2b0, L_00000256f40bf320, L_00000256f41199d0;
S_00000256f40b5d60 .scope module, "s0" "sum4b" 3 21, 4 3 0, S_00000256f40bb430;
 .timescale 0 0;
    .port_info 0 /INPUT 4 "A";
    .port_info 1 /INPUT 4 "B";
    .port_info 2 /INPUT 1 "CI";
    .port_info 3 /OUTPUT 1 "Cout";
    .port_info 4 /OUTPUT 4 "Sum";
v00000256f4118710_0 .net "A", 3 0, v00000256f4117b30_0;  alias, 1 drivers
v00000256f41178b0_0 .net "B", 3 0, L_00000256f411a4c0;  1 drivers
v00000256f4117590_0 .net "CI", 0 0, v00000256f4118b70_0;  alias, 1 drivers
v00000256f4117950_0 .net "Cout", 0 0, L_00000256f411b140;  alias, 1 drivers
v00000256f4117450_0 .net "Sum", 3 0, L_00000256f411a380;  alias, 1 drivers
v00000256f4117810_0 .net "c1", 0 0, L_00000256f41187b0;  1 drivers
v00000256f41179f0_0 .net "c2", 0 0, L_00000256f41171d0;  1 drivers
v00000256f4117e50_0 .net "c3", 0 0, L_00000256f411bd20;  1 drivers
L_00000256f41188f0 .part v00000256f4117b30_0, 0, 1;
L_00000256f4118210 .part L_00000256f411a4c0, 0, 1;
L_00000256f41182b0 .part v00000256f4117b30_0, 1, 1;
L_00000256f41173b0 .part L_00000256f411a4c0, 1, 1;
L_00000256f411a880 .part v00000256f4117b30_0, 2, 1;
L_00000256f411ac40 .part L_00000256f411a4c0, 2, 1;
L_00000256f411a420 .part v00000256f4117b30_0, 3, 1;
L_00000256f411be60 .part L_00000256f411a4c0, 3, 1;
L_00000256f411a380 .concat8 [ 1 1 1 1], L_00000256f4117130, L_00000256f4118f30, L_00000256f4118350, L_00000256f411bdc0;
S_00000256f40b5ef0 .scope module, "s0" "sum1b" 4 15, 5 1 0, S_00000256f40b5d60;
 .timescale 0 0;
    .port_info 0 /INPUT 1 "A";
    .port_info 1 /INPUT 1 "B";
    .port_info 2 /INPUT 1 "Ci";
    .port_info 3 /OUTPUT 1 "Cout";
    .port_info 4 /OUTPUT 1 "Sum";
v00000256f40b1050_0 .net "A", 0 0, L_00000256f41188f0;  1 drivers
v00000256f40b1190_0 .net "B", 0 0, L_00000256f4118210;  1 drivers
v00000256f40b0ab0_0 .net "Ci", 0 0, v00000256f4118b70_0;  alias, 1 drivers
v00000256f40b1410_0 .net "Cout", 0 0, L_00000256f41187b0;  alias, 1 drivers
v00000256f40b0dd0_0 .net "Sum", 0 0, L_00000256f4117130;  1 drivers
v00000256f40b0a10_0 .var "result", 1 0;
E_00000256f40c0960 .event anyedge, v00000256f40b1050_0, v00000256f40b1190_0, v00000256f40b0ab0_0;
L_00000256f4117130 .part v00000256f40b0a10_0, 0, 1;
L_00000256f41187b0 .part v00000256f40b0a10_0, 1, 1;
S_00000256f40b7f80 .scope module, "s1" "sum1b" 4 16, 5 1 0, S_00000256f40b5d60;
 .timescale 0 0;
    .port_info 0 /INPUT 1 "A";
    .port_info 1 /INPUT 1 "B";
    .port_info 2 /INPUT 1 "Ci";
    .port_info 3 /OUTPUT 1 "Cout";
    .port_info 4 /OUTPUT 1 "Sum";
v00000256f40b1550_0 .net "A", 0 0, L_00000256f41182b0;  1 drivers
v00000256f40b0bf0_0 .net "B", 0 0, L_00000256f41173b0;  1 drivers
v00000256f40b0830_0 .net "Ci", 0 0, L_00000256f41187b0;  alias, 1 drivers
v00000256f40b0d30_0 .net "Cout", 0 0, L_00000256f41171d0;  alias, 1 drivers
v00000256f40b1230_0 .net "Sum", 0 0, L_00000256f4118f30;  1 drivers
v00000256f40b1370_0 .var "result", 1 0;
E_00000256f40c03e0 .event anyedge, v00000256f40b1550_0, v00000256f40b0bf0_0, v00000256f40b1410_0;
L_00000256f4118f30 .part v00000256f40b1370_0, 0, 1;
L_00000256f41171d0 .part v00000256f40b1370_0, 1, 1;
S_00000256f40b8110 .scope module, "s2" "sum1b" 4 17, 5 1 0, S_00000256f40b5d60;
 .timescale 0 0;
    .port_info 0 /INPUT 1 "A";
    .port_info 1 /INPUT 1 "B";
    .port_info 2 /INPUT 1 "Ci";
    .port_info 3 /OUTPUT 1 "Cout";
    .port_info 4 /OUTPUT 1 "Sum";
v00000256f40b08d0_0 .net "A", 0 0, L_00000256f411a880;  1 drivers
v00000256f41180d0_0 .net "B", 0 0, L_00000256f411ac40;  1 drivers
v00000256f4117630_0 .net "Ci", 0 0, L_00000256f41171d0;  alias, 1 drivers
v00000256f41176d0_0 .net "Cout", 0 0, L_00000256f411bd20;  alias, 1 drivers
v00000256f4117bd0_0 .net "Sum", 0 0, L_00000256f4118350;  1 drivers
v00000256f4117310_0 .var "result", 1 0;
E_00000256f40c0460 .event anyedge, v00000256f40b08d0_0, v00000256f41180d0_0, v00000256f40b0d30_0;
L_00000256f4118350 .part v00000256f4117310_0, 0, 1;
L_00000256f411bd20 .part v00000256f4117310_0, 1, 1;
S_00000256f41190f0 .scope module, "s3" "sum1b" 4 18, 5 1 0, S_00000256f40b5d60;
 .timescale 0 0;
    .port_info 0 /INPUT 1 "A";
    .port_info 1 /INPUT 1 "B";
    .port_info 2 /INPUT 1 "Ci";
    .port_info 3 /OUTPUT 1 "Cout";
    .port_info 4 /OUTPUT 1 "Sum";
v00000256f41183f0_0 .net "A", 0 0, L_00000256f411a420;  1 drivers
v00000256f4117270_0 .net "B", 0 0, L_00000256f411be60;  1 drivers
v00000256f4118530_0 .net "Ci", 0 0, L_00000256f411bd20;  alias, 1 drivers
v00000256f41185d0_0 .net "Cout", 0 0, L_00000256f411b140;  alias, 1 drivers
v00000256f4118670_0 .net "Sum", 0 0, L_00000256f411bdc0;  1 drivers
v00000256f4117c70_0 .var "result", 1 0;
E_00000256f40c0d60 .event anyedge, v00000256f41183f0_0, v00000256f4117270_0, v00000256f41176d0_0;
L_00000256f411bdc0 .part v00000256f4117c70_0, 0, 1;
L_00000256f411b140 .part v00000256f4117c70_0, 1, 1;
    .scope S_00000256f40b5ef0;
T_0 ;
    %wait E_00000256f40c0960;
    %load/vec4 v00000256f40b1050_0;
    %pad/u 2;
    %load/vec4 v00000256f40b1190_0;
    %pad/u 2;
    %add;
    %load/vec4 v00000256f40b0ab0_0;
    %pad/u 2;
    %add;
    %store/vec4 v00000256f40b0a10_0, 0, 2;
    %jmp T_0;
    .thread T_0, $push;
    .scope S_00000256f40b7f80;
T_1 ;
    %wait E_00000256f40c03e0;
    %load/vec4 v00000256f40b1550_0;
    %pad/u 2;
    %load/vec4 v00000256f40b0bf0_0;
    %pad/u 2;
    %add;
    %load/vec4 v00000256f40b0830_0;
    %pad/u 2;
    %add;
    %store/vec4 v00000256f40b1370_0, 0, 2;
    %jmp T_1;
    .thread T_1, $push;
    .scope S_00000256f40b8110;
T_2 ;
    %wait E_00000256f40c0460;
    %load/vec4 v00000256f40b08d0_0;
    %pad/u 2;
    %load/vec4 v00000256f41180d0_0;
    %pad/u 2;
    %add;
    %load/vec4 v00000256f4117630_0;
    %pad/u 2;
    %add;
    %store/vec4 v00000256f4117310_0, 0, 2;
    %jmp T_2;
    .thread T_2, $push;
    .scope S_00000256f41190f0;
T_3 ;
    %wait E_00000256f40c0d60;
    %load/vec4 v00000256f41183f0_0;
    %pad/u 2;
    %load/vec4 v00000256f4117270_0;
    %pad/u 2;
    %add;
    %load/vec4 v00000256f4118530_0;
    %pad/u 2;
    %add;
    %store/vec4 v00000256f4117c70_0, 0, 2;
    %jmp T_3;
    .thread T_3, $push;
    .scope S_00000256f40b3ce0;
T_4 ;
    %pushi/vec4 1, 0, 1;
    %store/vec4 v00000256f4118b70_0, 0, 1;
    %pushi/vec4 0, 0, 4;
    %store/vec4 v00000256f4117b30_0, 0, 4;
    %pushi/vec4 0, 0, 4;
    %store/vec4 v00000256f4117f90_0, 0, 4;
T_4.0 ;
    %load/vec4 v00000256f4117f90_0;
    %pad/u 32;
    %cmpi/u 15, 0, 32;
    %jmp/0xz T_4.1, 5;
    %load/vec4 v00000256f4117f90_0;
    %pad/u 32;
    %cmpi/e 0, 0, 32;
    %jmp/0xz  T_4.2, 4;
    %load/vec4 v00000256f4117b30_0;
    %addi 1, 0, 4;
    %store/vec4 v00000256f4117b30_0, 0, 4;
T_4.2 ;
    %delay 5000, 0;
    %vpi_call 2 29 "$display", "el valor de %d - %d = %d", v00000256f4117b30_0, v00000256f4117f90_0, v00000256f4118e90_0 {0 0 0};
    %load/vec4 v00000256f4117f90_0;
    %addi 1, 0, 4;
    %store/vec4 v00000256f4117f90_0, 0, 4;
    %jmp T_4.0;
T_4.1 ;
    %vpi_call 2 31 "$finish" {0 0 0};
    %end;
    .thread T_4;
    .scope S_00000256f40b3ce0;
T_5 ;
    %fork t_1, S_00000256f40bb2a0;
    %jmp t_0;
    .scope S_00000256f40bb2a0;
t_1 ;
    %vpi_call 2 35 "$dumpfile", "restador_tb.vcd" {0 0 0};
    %vpi_call 2 36 "$dumpvars", 32'sb11111111111111111111111111111111, S_00000256f40bb430 {0 0 0};
    %end;
    .scope S_00000256f40b3ce0;
t_0 %join;
    %end;
    .thread T_5;
# The file index is used to find the file name in the following table.
:file_names 6;
    "N/A";
    "<interactive>";
    "Restador_tb.v";
    "./Restador_4bit.v";
    "./sum4bit.v";
    "./sum1bit.v";
