#! /c/Source/iverilog-install/bin/vvp
:ivl_version "12.0 (devel)" "(s20150603-1539-g2693dd32b)";
:ivl_delay_selection "TYPICAL";
:vpi_time_precision + 0;
:vpi_module "C:\iverilog\lib\ivl\system.vpi";
:vpi_module "C:\iverilog\lib\ivl\vhdl_sys.vpi";
:vpi_module "C:\iverilog\lib\ivl\vhdl_textio.vpi";
:vpi_module "C:\iverilog\lib\ivl\v2005_math.vpi";
:vpi_module "C:\iverilog\lib\ivl\va_math.vpi";
S_00000258840d63b0 .scope module, "sum1b" "sum1b" 2 1;
 .timescale 0 0;
    .port_info 0 /INPUT 1 "A";
    .port_info 1 /INPUT 1 "B";
    .port_info 2 /INPUT 1 "Ci";
    .port_info 3 /OUTPUT 1 "Cout";
    .port_info 4 /OUTPUT 1 "Sum";
o0000025883fb6fb8 .functor BUFZ 1, C4<z>; HiZ drive
v0000025883fb6bc0_0 .net "A", 0 0, o0000025883fb6fb8;  0 drivers
o0000025883fb6fe8 .functor BUFZ 1, C4<z>; HiZ drive
v00000258840d6540_0 .net "B", 0 0, o0000025883fb6fe8;  0 drivers
o0000025883fb7018 .functor BUFZ 1, C4<z>; HiZ drive
v00000258840d65e0_0 .net "Ci", 0 0, o0000025883fb7018;  0 drivers
v00000258840d6680_0 .net "Cout", 0 0, L_00000258840de7a0;  1 drivers
v00000258840d6720_0 .net "Sum", 0 0, L_00000258840de700;  1 drivers
v00000258840de660_0 .var "result", 1 0;
E_00000258840d8b80 .event anyedge, v0000025883fb6bc0_0, v00000258840d6540_0, v00000258840d65e0_0;
L_00000258840de700 .part v00000258840de660_0, 0, 1;
L_00000258840de7a0 .part v00000258840de660_0, 1, 1;
    .scope S_00000258840d63b0;
T_0 ;
    %wait E_00000258840d8b80;
    %load/vec4 v0000025883fb6bc0_0;
    %pad/u 2;
    %load/vec4 v00000258840d6540_0;
    %pad/u 2;
    %add;
    %load/vec4 v00000258840d65e0_0;
    %pad/u 2;
    %add;
    %store/vec4 v00000258840de660_0, 0, 2;
    %jmp T_0;
    .thread T_0, $push;
# The file index is used to find the file name in the following table.
:file_names 3;
    "N/A";
    "<interactive>";
    "sum1b.v";
