#! /c/Source/iverilog-install/bin/vvp
:ivl_version "12.0 (devel)" "(s20150603-1539-g2693dd32b)";
:ivl_delay_selection "TYPICAL";
:vpi_time_precision + 0;
:vpi_module "C:\iverilog\lib\ivl\system.vpi";
:vpi_module "C:\iverilog\lib\ivl\vhdl_sys.vpi";
:vpi_module "C:\iverilog\lib\ivl\vhdl_textio.vpi";
:vpi_module "C:\iverilog\lib\ivl\v2005_math.vpi";
:vpi_module "C:\iverilog\lib\ivl\va_math.vpi";
S_000001118fa86440 .scope module, "multiplicador" "multiplicador" 2 1;
 .timescale 0 0;
    .port_info 0 /INPUT 1 "clk";
    .port_info 1 /INPUT 1 "init";
    .port_info 2 /INPUT 3 "MR";
    .port_info 3 /INPUT 3 "MD";
    .port_info 4 /OUTPUT 1 "done";
    .port_info 5 /OUTPUT 6 "pp";
P_000001118f9651c0 .param/l "ADD" 0 2 20, +C4<00000000000000000000000000000010>;
P_000001118f9651f8 .param/l "CHECK" 0 2 20, +C4<00000000000000000000000000000001>;
P_000001118f965230 .param/l "END1" 0 2 20, +C4<00000000000000000000000000000100>;
P_000001118f965268 .param/l "SHIFT" 0 2 20, +C4<00000000000000000000000000000011>;
P_000001118f9652a0 .param/l "START" 0 2 20, +C4<00000000000000000000000000000000>;
v000001118fa8bc60_0 .var "A", 5 0;
v000001118fa86ac0_0 .var "B", 2 0;
o000001118f981038 .functor BUFZ 3, C4<zzz>; HiZ drive
v000001118fa86ce0_0 .net "MD", 2 0, o000001118f981038;  0 drivers
o000001118f981068 .functor BUFZ 3, C4<zzz>; HiZ drive
v000001118fa8beb0_0 .net "MR", 2 0, o000001118f981068;  0 drivers
v000001118fa865d0_0 .net *"_ivl_0", 31 0, L_000001118f9d2880;  1 drivers
L_000001118f9d2ef0 .functor BUFT 1, C4<0>, C4<0>, C4<0>, C4<0>;
v000001118fa86670_0 .net/2u *"_ivl_10", 0 0, L_000001118f9d2ef0;  1 drivers
L_000001118f9d2e18 .functor BUFT 1, C4<00000000000000000000000000000>, C4<0>, C4<0>, C4<0>;
v000001118fa86710_0 .net *"_ivl_3", 28 0, L_000001118f9d2e18;  1 drivers
L_000001118f9d2e60 .functor BUFT 1, C4<00000000000000000000000000000000>, C4<0>, C4<0>, C4<0>;
v000001118fa867b0_0 .net/2u *"_ivl_4", 31 0, L_000001118f9d2e60;  1 drivers
v000001118fa86850_0 .net *"_ivl_6", 0 0, L_000001118f9d26a0;  1 drivers
L_000001118f9d2ea8 .functor BUFT 1, C4<1>, C4<0>, C4<0>, C4<0>;
v000001118f9d1c50_0 .net/2u *"_ivl_8", 0 0, L_000001118f9d2ea8;  1 drivers
v000001118f9d1e80_0 .var "add", 0 0;
o000001118f9811e8 .functor BUFZ 1, C4<z>; HiZ drive
v000001118f9d29c0_0 .net "clk", 0 0, o000001118f9811e8;  0 drivers
v000001118f9d2420_0 .var "done", 0 0;
o000001118f981248 .functor BUFZ 1, C4<z>; HiZ drive
v000001118f9d1d40_0 .net "init", 0 0, o000001118f981248;  0 drivers
v000001118f9d27e0_0 .var "pp", 5 0;
v000001118f9d2560_0 .var "rst", 0 0;
v000001118f9d1de0_0 .var "sh", 0 0;
v000001118f9d22e0_0 .var "status", 2 0;
v000001118f9d2a60_0 .net "z", 0 0, L_000001118f9d2380;  1 drivers
E_000001118f9671b0 .event posedge, v000001118f9d29c0_0;
E_000001118f9678b0 .event negedge, v000001118f9d29c0_0;
L_000001118f9d2880 .concat [ 3 29 0 0], v000001118fa86ac0_0, L_000001118f9d2e18;
L_000001118f9d26a0 .cmp/eq 32, L_000001118f9d2880, L_000001118f9d2e60;
L_000001118f9d2380 .functor MUXZ 1, L_000001118f9d2ef0, L_000001118f9d2ea8, L_000001118f9d26a0, C4<>;
    .scope S_000001118fa86440;
T_0 ;
    %pushi/vec4 0, 0, 3;
    %store/vec4 v000001118f9d22e0_0, 0, 3;
    %pushi/vec4 0, 0, 1;
    %store/vec4 v000001118f9d2560_0, 0, 1;
    %pushi/vec4 0, 0, 6;
    %store/vec4 v000001118f9d27e0_0, 0, 6;
    %pushi/vec4 0, 0, 6;
    %store/vec4 v000001118fa8bc60_0, 0, 6;
    %pushi/vec4 0, 0, 3;
    %store/vec4 v000001118fa86ac0_0, 0, 3;
    %end;
    .thread T_0;
    .scope S_000001118fa86440;
T_1 ;
    %wait E_000001118f9678b0;
    %load/vec4 v000001118f9d22e0_0;
    %dup/vec4;
    %pushi/vec4 0, 0, 3;
    %cmp/u;
    %jmp/1 T_1.0, 6;
    %dup/vec4;
    %pushi/vec4 1, 0, 3;
    %cmp/u;
    %jmp/1 T_1.1, 6;
    %dup/vec4;
    %pushi/vec4 2, 0, 3;
    %cmp/u;
    %jmp/1 T_1.2, 6;
    %dup/vec4;
    %pushi/vec4 3, 0, 3;
    %cmp/u;
    %jmp/1 T_1.3, 6;
    %dup/vec4;
    %pushi/vec4 4, 0, 3;
    %cmp/u;
    %jmp/1 T_1.4, 6;
    %pushi/vec4 0, 0, 3;
    %assign/vec4 v000001118f9d22e0_0, 0;
    %jmp T_1.6;
T_1.0 ;
    %pushi/vec4 0, 0, 1;
    %assign/vec4 v000001118f9d1de0_0, 0;
    %pushi/vec4 0, 0, 1;
    %assign/vec4 v000001118f9d1e80_0, 0;
    %load/vec4 v000001118f9d1d40_0;
    %flag_set/vec4 8;
    %jmp/0xz  T_1.7, 8;
    %pushi/vec4 1, 0, 3;
    %assign/vec4 v000001118f9d22e0_0, 0;
    %pushi/vec4 0, 0, 1;
    %assign/vec4 v000001118f9d2420_0, 0;
    %pushi/vec4 1, 0, 1;
    %assign/vec4 v000001118f9d2560_0, 0;
T_1.7 ;
    %jmp T_1.6;
T_1.1 ;
    %pushi/vec4 0, 0, 1;
    %assign/vec4 v000001118f9d2420_0, 0;
    %pushi/vec4 0, 0, 1;
    %assign/vec4 v000001118f9d2560_0, 0;
    %pushi/vec4 0, 0, 1;
    %assign/vec4 v000001118f9d1de0_0, 0;
    %pushi/vec4 0, 0, 1;
    %assign/vec4 v000001118f9d1e80_0, 0;
    %load/vec4 v000001118fa86ac0_0;
    %parti/s 1, 0, 2;
    %pad/u 32;
    %cmpi/e 1, 0, 32;
    %flag_mov 8, 4;
    %jmp/0 T_1.9, 8;
    %pushi/vec4 2, 0, 32;
    %jmp/1 T_1.10, 8;
T_1.9 ; End of true expr.
    %pushi/vec4 3, 0, 32;
    %jmp/0 T_1.10, 8;
 ; End of false expr.
    %blend;
T_1.10;
    %pad/s 3;
    %assign/vec4 v000001118f9d22e0_0, 0;
    %jmp T_1.6;
T_1.2 ;
    %pushi/vec4 0, 0, 1;
    %assign/vec4 v000001118f9d2420_0, 0;
    %pushi/vec4 0, 0, 1;
    %assign/vec4 v000001118f9d2560_0, 0;
    %pushi/vec4 0, 0, 1;
    %assign/vec4 v000001118f9d1de0_0, 0;
    %pushi/vec4 1, 0, 1;
    %assign/vec4 v000001118f9d1e80_0, 0;
    %pushi/vec4 3, 0, 3;
    %assign/vec4 v000001118f9d22e0_0, 0;
    %jmp T_1.6;
T_1.3 ;
    %pushi/vec4 0, 0, 1;
    %assign/vec4 v000001118f9d2420_0, 0;
    %pushi/vec4 0, 0, 1;
    %assign/vec4 v000001118f9d2560_0, 0;
    %pushi/vec4 1, 0, 1;
    %assign/vec4 v000001118f9d1de0_0, 0;
    %pushi/vec4 0, 0, 1;
    %assign/vec4 v000001118f9d1e80_0, 0;
    %load/vec4 v000001118f9d2a60_0;
    %pad/u 32;
    %cmpi/e 1, 0, 32;
    %flag_mov 8, 4;
    %jmp/0 T_1.11, 8;
    %pushi/vec4 4, 0, 32;
    %jmp/1 T_1.12, 8;
T_1.11 ; End of true expr.
    %pushi/vec4 1, 0, 32;
    %jmp/0 T_1.12, 8;
 ; End of false expr.
    %blend;
T_1.12;
    %pad/s 3;
    %assign/vec4 v000001118f9d22e0_0, 0;
    %jmp T_1.6;
T_1.4 ;
    %pushi/vec4 1, 0, 1;
    %assign/vec4 v000001118f9d2420_0, 0;
    %pushi/vec4 0, 0, 1;
    %assign/vec4 v000001118f9d2560_0, 0;
    %pushi/vec4 0, 0, 1;
    %assign/vec4 v000001118f9d1de0_0, 0;
    %pushi/vec4 0, 0, 1;
    %assign/vec4 v000001118f9d1e80_0, 0;
    %pushi/vec4 0, 0, 3;
    %assign/vec4 v000001118f9d22e0_0, 0;
    %jmp T_1.6;
T_1.6 ;
    %pop/vec4 1;
    %jmp T_1;
    .thread T_1;
    .scope S_000001118fa86440;
T_2 ;
    %wait E_000001118f9671b0;
    %load/vec4 v000001118f9d2560_0;
    %flag_set/vec4 8;
    %jmp/0xz  T_2.0, 8;
    %pushi/vec4 0, 0, 3;
    %load/vec4 v000001118fa86ce0_0;
    %concat/vec4; draw_concat_vec4
    %assign/vec4 v000001118fa8bc60_0, 0;
    %load/vec4 v000001118fa8beb0_0;
    %assign/vec4 v000001118fa86ac0_0, 0;
    %jmp T_2.1;
T_2.0 ;
    %load/vec4 v000001118f9d1de0_0;
    %flag_set/vec4 8;
    %jmp/0xz  T_2.2, 8;
    %load/vec4 v000001118fa8bc60_0;
    %ix/load 4, 1, 0;
    %flag_set/imm 4, 0;
    %shiftl 4;
    %assign/vec4 v000001118fa8bc60_0, 0;
    %load/vec4 v000001118fa86ac0_0;
    %ix/load 4, 1, 0;
    %flag_set/imm 4, 0;
    %shiftr 4;
    %assign/vec4 v000001118fa86ac0_0, 0;
T_2.2 ;
T_2.1 ;
    %jmp T_2;
    .thread T_2;
    .scope S_000001118fa86440;
T_3 ;
    %wait E_000001118f9671b0;
    %load/vec4 v000001118f9d2560_0;
    %flag_set/vec4 8;
    %jmp/0xz  T_3.0, 8;
    %pushi/vec4 0, 0, 6;
    %assign/vec4 v000001118f9d27e0_0, 0;
    %jmp T_3.1;
T_3.0 ;
    %load/vec4 v000001118f9d1e80_0;
    %flag_set/vec4 8;
    %jmp/0xz  T_3.2, 8;
    %load/vec4 v000001118f9d27e0_0;
    %load/vec4 v000001118fa8bc60_0;
    %add;
    %assign/vec4 v000001118f9d27e0_0, 0;
T_3.2 ;
T_3.1 ;
    %jmp T_3;
    .thread T_3;
# The file index is used to find the file name in the following table.
:file_names 3;
    "N/A";
    "<interactive>";
    "3_multiplicador\mult.v";
